[2024-05-06T08:38:53.880+0000] {local_task_job_runner.py:120} INFO - ::group::Pre task execution logs
[2024-05-06T08:38:53.984+0000] {taskinstance.py:2073} INFO - Dependencies all met for dep_context=non-requeueable deps ti=<TaskInstance: etl.upload_file_customers_to_capstone manual__2024-05-06T08:38:38.871796+00:00 [queued]>
[2024-05-06T08:38:54.099+0000] {taskinstance.py:2073} INFO - Dependencies all met for dep_context=requeueable deps ti=<TaskInstance: etl.upload_file_customers_to_capstone manual__2024-05-06T08:38:38.871796+00:00 [queued]>
[2024-05-06T08:38:54.108+0000] {taskinstance.py:2303} INFO - Starting attempt 1 of 1
[2024-05-06T08:38:54.247+0000] {taskinstance.py:2327} INFO - Executing <Task(GCSToGCSOperator): upload_file_customers_to_capstone> on 2024-05-06 08:38:38.871796+00:00
[2024-05-06T08:38:54.298+0000] {standard_task_runner.py:90} INFO - Running: ['***', 'tasks', 'run', 'etl', 'upload_file_customers_to_capstone', 'manual__2024-05-06T08:38:38.871796+00:00', '--job-id', '308', '--raw', '--subdir', 'DAGS_FOLDER/etl.py', '--cfg-path', '/tmp/tmpmrnehwy5']
[2024-05-06T08:38:54.337+0000] {standard_task_runner.py:91} INFO - Job 308: Subtask upload_file_customers_to_capstone
[2024-05-06T08:38:54.355+0000] {logging_mixin.py:188} WARNING - /home/***/.local/lib/python3.12/site-packages/***/task/task_runner/standard_task_runner.py:61 DeprecationWarning: This process (pid=25482) is multi-threaded, use of fork() may lead to deadlocks in the child.
[2024-05-06T08:38:54.364+0000] {standard_task_runner.py:63} INFO - Started process 25602 to run task
[2024-05-06T08:38:54.577+0000] {task_command.py:426} INFO - Running <TaskInstance: etl.upload_file_customers_to_capstone manual__2024-05-06T08:38:38.871796+00:00 [running]> on host c8cbe72b3ec5
[2024-05-06T08:38:57.412+0000] {taskinstance.py:2644} INFO - Exporting env vars: AIRFLOW_CTX_DAG_OWNER='***' AIRFLOW_CTX_DAG_ID='etl' AIRFLOW_CTX_TASK_ID='upload_file_customers_to_capstone' AIRFLOW_CTX_EXECUTION_DATE='2024-05-06T08:38:38.871796+00:00' AIRFLOW_CTX_TRY_NUMBER='1' AIRFLOW_CTX_DAG_RUN_ID='manual__2024-05-06T08:38:38.871796+00:00'
[2024-05-06T08:38:57.415+0000] {taskinstance.py:430} INFO - ::endgroup::
[2024-05-06T08:38:57.506+0000] {connection.py:274} WARNING - Connection schemes (type: google_cloud_platform) shall not contain '_' according to RFC3986.
[2024-05-06T08:38:57.564+0000] {base.py:84} INFO - Using connection ID 'my_gcp_conn' for task execution.
[2024-05-06T08:38:58.628+0000] {gcs_to_gcs.py:535} INFO - Executing copy of gs://raw_data_projectcapstone/olist_customers_dataset.csv to gs://storage-capstone/olist_customers_dataset.csv
[2024-05-06T08:38:58.701+0000] {gcs.py:256} INFO - Total Bytes: 9033957 | Bytes Written: 9033957
[2024-05-06T08:38:58.702+0000] {gcs.py:264} INFO - Object olist_customers_dataset.csv in bucket raw_data_projectcapstone rewritten to object olist_customers_dataset.csv in bucket storage-capstone
[2024-05-06T08:38:58.702+0000] {taskinstance.py:441} INFO - ::group::Post task execution logs
[2024-05-06T08:38:58.725+0000] {taskinstance.py:1205} INFO - Marking task as SUCCESS. dag_id=etl, task_id=upload_file_customers_to_capstone, execution_date=20240506T083838, start_date=20240506T083854, end_date=20240506T083858
[2024-05-06T08:38:59.750+0000] {local_task_job_runner.py:240} INFO - Task exited with return code 0
[2024-05-06T08:39:03.327+0000] {taskinstance.py:3482} INFO - 0 downstream tasks scheduled from follow-on schedule check
[2024-05-06T08:39:03.339+0000] {local_task_job_runner.py:222} INFO - ::endgroup::
