[2024-05-05T15:16:40.765+0000] {local_task_job_runner.py:120} INFO - ::group::Pre task execution logs
[2024-05-05T15:16:40.891+0000] {taskinstance.py:2073} INFO - Dependencies all met for dep_context=non-requeueable deps ti=<TaskInstance: etl.gcs_to_bq_orders scheduled__2024-05-04T00:00:00+00:00 [queued]>
[2024-05-05T15:16:40.994+0000] {taskinstance.py:2073} INFO - Dependencies all met for dep_context=requeueable deps ti=<TaskInstance: etl.gcs_to_bq_orders scheduled__2024-05-04T00:00:00+00:00 [queued]>
[2024-05-05T15:16:40.997+0000] {taskinstance.py:2303} INFO - Starting attempt 1 of 1
[2024-05-05T15:16:41.128+0000] {taskinstance.py:2327} INFO - Executing <Task(GCSToBigQueryOperator): gcs_to_bq_orders> on 2024-05-04 00:00:00+00:00
[2024-05-05T15:16:41.190+0000] {standard_task_runner.py:90} INFO - Running: ['***', 'tasks', 'run', 'etl', 'gcs_to_bq_orders', 'scheduled__2024-05-04T00:00:00+00:00', '--job-id', '274', '--raw', '--subdir', 'DAGS_FOLDER/etl.py', '--cfg-path', '/tmp/tmppveu09t0']
[2024-05-05T15:16:41.225+0000] {standard_task_runner.py:91} INFO - Job 274: Subtask gcs_to_bq_orders
[2024-05-05T15:16:41.249+0000] {logging_mixin.py:188} WARNING - /home/***/.local/lib/python3.12/site-packages/***/task/task_runner/standard_task_runner.py:61 DeprecationWarning: This process (pid=533) is multi-threaded, use of fork() may lead to deadlocks in the child.
[2024-05-05T15:16:41.253+0000] {standard_task_runner.py:63} INFO - Started process 586 to run task
[2024-05-05T15:16:41.706+0000] {task_command.py:426} INFO - Running <TaskInstance: etl.gcs_to_bq_orders scheduled__2024-05-04T00:00:00+00:00 [running]> on host de3a7fc34b17
[2024-05-05T15:16:43.536+0000] {taskinstance.py:2644} INFO - Exporting env vars: AIRFLOW_CTX_DAG_OWNER='***' AIRFLOW_CTX_DAG_ID='etl' AIRFLOW_CTX_TASK_ID='gcs_to_bq_orders' AIRFLOW_CTX_EXECUTION_DATE='2024-05-04T00:00:00+00:00' AIRFLOW_CTX_TRY_NUMBER='1' AIRFLOW_CTX_DAG_RUN_ID='scheduled__2024-05-04T00:00:00+00:00'
[2024-05-05T15:16:43.537+0000] {taskinstance.py:430} INFO - ::endgroup::
[2024-05-05T15:16:43.601+0000] {connection.py:274} WARNING - Connection schemes (type: google_cloud_platform) shall not contain '_' according to RFC3986.
[2024-05-05T15:16:43.605+0000] {base.py:84} INFO - Using connection ID 'my_gcp_conn' for task execution.
[2024-05-05T15:16:43.619+0000] {gcs_to_bigquery.py:379} INFO - Using existing BigQuery table for storing data...
[2024-05-05T15:16:44.031+0000] {bigquery.py:2328} INFO - Project is not included in destination_project_dataset_table: order.olist_orders_dataset; using project "project-capstone-422211"
[2024-05-05T15:16:44.037+0000] {gcs_to_bigquery.py:383} INFO - Executing: {'load': {'autodetect': True, 'createDisposition': 'CREATE_IF_NEEDED', 'destinationTable': {'projectId': 'project-capstone-422211', 'datasetId': 'order', 'tableId': 'olist_orders_dataset'}, 'sourceFormat': 'CSV', 'sourceUris': ['gs://storage-capstone/olist_orders_dataset.csv'], 'writeDisposition': 'WRITE_TRUNCATE', 'ignoreUnknownValues': False, 'skipLeadingRows': None, 'fieldDelimiter': ',', 'quote': None, 'allowQuotedNewlines': False, 'encoding': 'UTF-8'}}
[2024-05-05T15:16:44.039+0000] {bigquery.py:1613} INFO - Inserting job ***_etl_gcs_to_bq_orders_2024_05_04T00_00_00_00_00_12cfa0bdbd79d106b7406ab2852839b3
[2024-05-05T15:17:11.021+0000] {taskinstance.py:441} INFO - ::group::Post task execution logs
[2024-05-05T15:17:11.031+0000] {taskinstance.py:1205} INFO - Marking task as SUCCESS. dag_id=etl, task_id=gcs_to_bq_orders, execution_date=20240504T000000, start_date=20240505T151640, end_date=20240505T151711
[2024-05-05T15:17:11.155+0000] {local_task_job_runner.py:240} INFO - Task exited with return code 0
[2024-05-05T15:17:11.344+0000] {taskinstance.py:3482} INFO - 0 downstream tasks scheduled from follow-on schedule check
[2024-05-05T15:17:11.354+0000] {local_task_job_runner.py:222} INFO - ::endgroup::
