[2024-05-05T15:16:40.780+0000] {local_task_job_runner.py:120} INFO - ::group::Pre task execution logs
[2024-05-05T15:16:40.938+0000] {taskinstance.py:2073} INFO - Dependencies all met for dep_context=non-requeueable deps ti=<TaskInstance: etl.gcs_to_bq_sellers scheduled__2024-05-04T00:00:00+00:00 [queued]>
[2024-05-05T15:16:41.021+0000] {taskinstance.py:2073} INFO - Dependencies all met for dep_context=requeueable deps ti=<TaskInstance: etl.gcs_to_bq_sellers scheduled__2024-05-04T00:00:00+00:00 [queued]>
[2024-05-05T15:16:41.036+0000] {taskinstance.py:2303} INFO - Starting attempt 1 of 1
[2024-05-05T15:16:41.149+0000] {taskinstance.py:2327} INFO - Executing <Task(GCSToBigQueryOperator): gcs_to_bq_sellers> on 2024-05-04 00:00:00+00:00
[2024-05-05T15:16:41.284+0000] {standard_task_runner.py:90} INFO - Running: ['***', 'tasks', 'run', 'etl', 'gcs_to_bq_sellers', 'scheduled__2024-05-04T00:00:00+00:00', '--job-id', '276', '--raw', '--subdir', 'DAGS_FOLDER/etl.py', '--cfg-path', '/tmp/tmptv1m6ltl']
[2024-05-05T15:16:41.299+0000] {standard_task_runner.py:91} INFO - Job 276: Subtask gcs_to_bq_sellers
[2024-05-05T15:16:41.292+0000] {logging_mixin.py:188} WARNING - /home/***/.local/lib/python3.12/site-packages/***/task/task_runner/standard_task_runner.py:61 DeprecationWarning: This process (pid=536) is multi-threaded, use of fork() may lead to deadlocks in the child.
[2024-05-05T15:16:41.334+0000] {standard_task_runner.py:63} INFO - Started process 590 to run task
[2024-05-05T15:16:41.516+0000] {task_command.py:426} INFO - Running <TaskInstance: etl.gcs_to_bq_sellers scheduled__2024-05-04T00:00:00+00:00 [running]> on host de3a7fc34b17
[2024-05-05T15:16:43.659+0000] {taskinstance.py:2644} INFO - Exporting env vars: AIRFLOW_CTX_DAG_OWNER='***' AIRFLOW_CTX_DAG_ID='etl' AIRFLOW_CTX_TASK_ID='gcs_to_bq_sellers' AIRFLOW_CTX_EXECUTION_DATE='2024-05-04T00:00:00+00:00' AIRFLOW_CTX_TRY_NUMBER='1' AIRFLOW_CTX_DAG_RUN_ID='scheduled__2024-05-04T00:00:00+00:00'
[2024-05-05T15:16:43.660+0000] {taskinstance.py:430} INFO - ::endgroup::
[2024-05-05T15:16:43.705+0000] {connection.py:274} WARNING - Connection schemes (type: google_cloud_platform) shall not contain '_' according to RFC3986.
[2024-05-05T15:16:43.709+0000] {base.py:84} INFO - Using connection ID 'my_gcp_conn' for task execution.
[2024-05-05T15:16:43.718+0000] {gcs_to_bigquery.py:379} INFO - Using existing BigQuery table for storing data...
[2024-05-05T15:16:44.199+0000] {bigquery.py:2328} INFO - Project is not included in destination_project_dataset_table: order.olist_sellers_dataset; using project "project-capstone-422211"
[2024-05-05T15:16:44.208+0000] {gcs_to_bigquery.py:383} INFO - Executing: {'load': {'autodetect': True, 'createDisposition': 'CREATE_IF_NEEDED', 'destinationTable': {'projectId': 'project-capstone-422211', 'datasetId': 'order', 'tableId': 'olist_sellers_dataset'}, 'sourceFormat': 'CSV', 'sourceUris': ['gs://storage-capstone/olist_sellers_dataset.csv'], 'writeDisposition': 'WRITE_TRUNCATE', 'ignoreUnknownValues': False, 'skipLeadingRows': None, 'fieldDelimiter': ',', 'quote': None, 'allowQuotedNewlines': False, 'encoding': 'UTF-8'}}
[2024-05-05T15:16:44.216+0000] {bigquery.py:1613} INFO - Inserting job ***_etl_gcs_to_bq_sellers_2024_05_04T00_00_00_00_00_6b0b6749d3e0ae688ed79962801029eb
[2024-05-05T15:16:58.423+0000] {taskinstance.py:441} INFO - ::group::Post task execution logs
[2024-05-05T15:16:58.430+0000] {taskinstance.py:1205} INFO - Marking task as SUCCESS. dag_id=etl, task_id=gcs_to_bq_sellers, execution_date=20240504T000000, start_date=20240505T151640, end_date=20240505T151658
[2024-05-05T15:16:58.487+0000] {local_task_job_runner.py:240} INFO - Task exited with return code 0
[2024-05-05T15:16:58.642+0000] {taskinstance.py:3482} INFO - 0 downstream tasks scheduled from follow-on schedule check
[2024-05-05T15:16:58.649+0000] {local_task_job_runner.py:222} INFO - ::endgroup::
