[2024-05-05T15:16:09.799+0000] {local_task_job_runner.py:120} INFO - ::group::Pre task execution logs
[2024-05-05T15:16:09.904+0000] {taskinstance.py:2073} INFO - Dependencies all met for dep_context=non-requeueable deps ti=<TaskInstance: etl.upload_file_items_to_capstone scheduled__2024-05-04T00:00:00+00:00 [queued]>
[2024-05-05T15:16:09.995+0000] {taskinstance.py:2073} INFO - Dependencies all met for dep_context=requeueable deps ti=<TaskInstance: etl.upload_file_items_to_capstone scheduled__2024-05-04T00:00:00+00:00 [queued]>
[2024-05-05T15:16:09.998+0000] {taskinstance.py:2303} INFO - Starting attempt 1 of 1
[2024-05-05T15:16:10.161+0000] {taskinstance.py:2327} INFO - Executing <Task(GCSToGCSOperator): upload_file_items_to_capstone> on 2024-05-04 00:00:00+00:00
[2024-05-05T15:16:10.319+0000] {standard_task_runner.py:90} INFO - Running: ['***', 'tasks', 'run', 'etl', 'upload_file_items_to_capstone', 'scheduled__2024-05-04T00:00:00+00:00', '--job-id', '266', '--raw', '--subdir', 'DAGS_FOLDER/etl.py', '--cfg-path', '/tmp/tmpaxyziqn7']
[2024-05-05T15:16:10.343+0000] {standard_task_runner.py:91} INFO - Job 266: Subtask upload_file_items_to_capstone
[2024-05-05T15:16:10.357+0000] {logging_mixin.py:188} WARNING - /home/***/.local/lib/python3.12/site-packages/***/task/task_runner/standard_task_runner.py:61 DeprecationWarning: This process (pid=206) is multi-threaded, use of fork() may lead to deadlocks in the child.
[2024-05-05T15:16:10.371+0000] {standard_task_runner.py:63} INFO - Started process 300 to run task
[2024-05-05T15:16:10.655+0000] {task_command.py:426} INFO - Running <TaskInstance: etl.upload_file_items_to_capstone scheduled__2024-05-04T00:00:00+00:00 [running]> on host de3a7fc34b17
[2024-05-05T15:16:15.294+0000] {taskinstance.py:2644} INFO - Exporting env vars: AIRFLOW_CTX_DAG_OWNER='***' AIRFLOW_CTX_DAG_ID='etl' AIRFLOW_CTX_TASK_ID='upload_file_items_to_capstone' AIRFLOW_CTX_EXECUTION_DATE='2024-05-04T00:00:00+00:00' AIRFLOW_CTX_TRY_NUMBER='1' AIRFLOW_CTX_DAG_RUN_ID='scheduled__2024-05-04T00:00:00+00:00'
[2024-05-05T15:16:15.298+0000] {taskinstance.py:430} INFO - ::endgroup::
[2024-05-05T15:16:15.635+0000] {connection.py:274} WARNING - Connection schemes (type: google_cloud_platform) shall not contain '_' according to RFC3986.
[2024-05-05T15:16:15.701+0000] {base.py:84} INFO - Using connection ID 'my_gcp_conn' for task execution.
[2024-05-05T15:16:17.594+0000] {gcs_to_gcs.py:535} INFO - Executing copy of gs://raw_data_projectcapstone/olist_order_items_dataset.csv to gs://storage-capstone/olist_order_items_dataset.csv
[2024-05-05T15:16:17.693+0000] {gcs.py:256} INFO - Total Bytes: 15438671 | Bytes Written: 15438671
[2024-05-05T15:16:17.693+0000] {gcs.py:264} INFO - Object olist_order_items_dataset.csv in bucket raw_data_projectcapstone rewritten to object olist_order_items_dataset.csv in bucket storage-capstone
[2024-05-05T15:16:17.694+0000] {taskinstance.py:441} INFO - ::group::Post task execution logs
[2024-05-05T15:16:17.707+0000] {taskinstance.py:1205} INFO - Marking task as SUCCESS. dag_id=etl, task_id=upload_file_items_to_capstone, execution_date=20240504T000000, start_date=20240505T151609, end_date=20240505T151617
[2024-05-05T15:16:17.924+0000] {local_task_job_runner.py:240} INFO - Task exited with return code 0
[2024-05-05T15:16:20.458+0000] {taskinstance.py:3482} INFO - 0 downstream tasks scheduled from follow-on schedule check
[2024-05-05T15:16:20.468+0000] {local_task_job_runner.py:222} INFO - ::endgroup::
