[2024-05-06T07:51:00.024+0000] {local_task_job_runner.py:120} INFO - ::group::Pre task execution logs
[2024-05-06T07:51:00.136+0000] {taskinstance.py:2073} INFO - Dependencies all met for dep_context=non-requeueable deps ti=<TaskInstance: etl.gcs_to_bq_geolocation scheduled__2024-05-05T00:00:00+00:00 [queued]>
[2024-05-06T07:51:00.201+0000] {taskinstance.py:2073} INFO - Dependencies all met for dep_context=requeueable deps ti=<TaskInstance: etl.gcs_to_bq_geolocation scheduled__2024-05-05T00:00:00+00:00 [queued]>
[2024-05-06T07:51:00.203+0000] {taskinstance.py:2303} INFO - Starting attempt 1 of 1
[2024-05-06T07:51:00.257+0000] {taskinstance.py:2327} INFO - Executing <Task(GCSToBigQueryOperator): gcs_to_bq_geolocation> on 2024-05-05 00:00:00+00:00
[2024-05-06T07:51:00.320+0000] {logging_mixin.py:188} WARNING - /home/***/.local/lib/python3.12/site-packages/***/task/task_runner/standard_task_runner.py:61 DeprecationWarning: This process (pid=533) is multi-threaded, use of fork() may lead to deadlocks in the child.
[2024-05-06T07:51:00.326+0000] {standard_task_runner.py:63} INFO - Started process 588 to run task
[2024-05-06T07:51:00.338+0000] {standard_task_runner.py:90} INFO - Running: ['***', 'tasks', 'run', 'etl', 'gcs_to_bq_geolocation', 'scheduled__2024-05-05T00:00:00+00:00', '--job-id', '296', '--raw', '--subdir', 'DAGS_FOLDER/etl.py', '--cfg-path', '/tmp/tmpo16s42rw']
[2024-05-06T07:51:00.356+0000] {standard_task_runner.py:91} INFO - Job 296: Subtask gcs_to_bq_geolocation
[2024-05-06T07:51:00.592+0000] {task_command.py:426} INFO - Running <TaskInstance: etl.gcs_to_bq_geolocation scheduled__2024-05-05T00:00:00+00:00 [running]> on host c8cbe72b3ec5
[2024-05-06T07:51:03.005+0000] {taskinstance.py:2644} INFO - Exporting env vars: AIRFLOW_CTX_DAG_OWNER='***' AIRFLOW_CTX_DAG_ID='etl' AIRFLOW_CTX_TASK_ID='gcs_to_bq_geolocation' AIRFLOW_CTX_EXECUTION_DATE='2024-05-05T00:00:00+00:00' AIRFLOW_CTX_TRY_NUMBER='1' AIRFLOW_CTX_DAG_RUN_ID='scheduled__2024-05-05T00:00:00+00:00'
[2024-05-06T07:51:03.006+0000] {taskinstance.py:430} INFO - ::endgroup::
[2024-05-06T07:51:03.067+0000] {connection.py:274} WARNING - Connection schemes (type: google_cloud_platform) shall not contain '_' according to RFC3986.
[2024-05-06T07:51:03.101+0000] {base.py:84} INFO - Using connection ID 'my_gcp_conn' for task execution.
[2024-05-06T07:51:03.116+0000] {gcs_to_bigquery.py:379} INFO - Using existing BigQuery table for storing data...
[2024-05-06T07:51:03.523+0000] {bigquery.py:2328} INFO - Project is not included in destination_project_dataset_table: order.olist_geolocation_dataset; using project "project-capstone-422211"
[2024-05-06T07:51:03.535+0000] {gcs_to_bigquery.py:383} INFO - Executing: {'load': {'autodetect': True, 'createDisposition': 'CREATE_IF_NEEDED', 'destinationTable': {'projectId': 'project-capstone-422211', 'datasetId': 'order', 'tableId': 'olist_geolocation_dataset'}, 'sourceFormat': 'CSV', 'sourceUris': ['gs://storage-capstone/olist_geolocation_dataset.csv'], 'writeDisposition': 'WRITE_TRUNCATE', 'ignoreUnknownValues': False, 'skipLeadingRows': None, 'fieldDelimiter': ',', 'quote': None, 'allowQuotedNewlines': False, 'encoding': 'UTF-8'}}
[2024-05-06T07:51:03.536+0000] {bigquery.py:1613} INFO - Inserting job ***_etl_gcs_to_bq_geolocation_2024_05_05T00_00_00_00_00_1434db48029f1cf076317bc6873c3e1e
[2024-05-06T07:51:36.952+0000] {taskinstance.py:441} INFO - ::group::Post task execution logs
[2024-05-06T07:51:36.959+0000] {taskinstance.py:1205} INFO - Marking task as SUCCESS. dag_id=etl, task_id=gcs_to_bq_geolocation, execution_date=20240505T000000, start_date=20240506T075100, end_date=20240506T075136
[2024-05-06T07:51:37.007+0000] {local_task_job_runner.py:240} INFO - Task exited with return code 0
[2024-05-06T07:51:37.208+0000] {taskinstance.py:3482} INFO - 0 downstream tasks scheduled from follow-on schedule check
[2024-05-06T07:51:37.225+0000] {local_task_job_runner.py:222} INFO - ::endgroup::
