[2024-05-06T08:39:16.546+0000] {local_task_job_runner.py:120} INFO - ::group::Pre task execution logs
[2024-05-06T08:39:16.639+0000] {taskinstance.py:2073} INFO - Dependencies all met for dep_context=non-requeueable deps ti=<TaskInstance: etl.gcs_to_bq_items manual__2024-05-06T08:38:38.871796+00:00 [queued]>
[2024-05-06T08:39:16.677+0000] {taskinstance.py:2073} INFO - Dependencies all met for dep_context=requeueable deps ti=<TaskInstance: etl.gcs_to_bq_items manual__2024-05-06T08:38:38.871796+00:00 [queued]>
[2024-05-06T08:39:16.678+0000] {taskinstance.py:2303} INFO - Starting attempt 1 of 1
[2024-05-06T08:39:16.729+0000] {taskinstance.py:2327} INFO - Executing <Task(GCSToBigQueryOperator): gcs_to_bq_items> on 2024-05-06 08:38:38.871796+00:00
[2024-05-06T08:39:16.796+0000] {standard_task_runner.py:90} INFO - Running: ['***', 'tasks', 'run', 'etl', 'gcs_to_bq_items', 'manual__2024-05-06T08:38:38.871796+00:00', '--job-id', '310', '--raw', '--subdir', 'DAGS_FOLDER/etl.py', '--cfg-path', '/tmp/tmpn9i2le67']
[2024-05-06T08:39:16.803+0000] {standard_task_runner.py:91} INFO - Job 310: Subtask gcs_to_bq_items
[2024-05-06T08:39:16.815+0000] {logging_mixin.py:188} WARNING - /home/***/.local/lib/python3.12/site-packages/***/task/task_runner/standard_task_runner.py:61 DeprecationWarning: This process (pid=25733) is multi-threaded, use of fork() may lead to deadlocks in the child.
[2024-05-06T08:39:16.822+0000] {standard_task_runner.py:63} INFO - Started process 25822 to run task
[2024-05-06T08:39:16.924+0000] {task_command.py:426} INFO - Running <TaskInstance: etl.gcs_to_bq_items manual__2024-05-06T08:38:38.871796+00:00 [running]> on host c8cbe72b3ec5
[2024-05-06T08:39:19.279+0000] {taskinstance.py:2644} INFO - Exporting env vars: AIRFLOW_CTX_DAG_OWNER='***' AIRFLOW_CTX_DAG_ID='etl' AIRFLOW_CTX_TASK_ID='gcs_to_bq_items' AIRFLOW_CTX_EXECUTION_DATE='2024-05-06T08:38:38.871796+00:00' AIRFLOW_CTX_TRY_NUMBER='1' AIRFLOW_CTX_DAG_RUN_ID='manual__2024-05-06T08:38:38.871796+00:00'
[2024-05-06T08:39:19.287+0000] {taskinstance.py:430} INFO - ::endgroup::
[2024-05-06T08:39:19.341+0000] {connection.py:274} WARNING - Connection schemes (type: google_cloud_platform) shall not contain '_' according to RFC3986.
[2024-05-06T08:39:19.415+0000] {base.py:84} INFO - Using connection ID 'my_gcp_conn' for task execution.
[2024-05-06T08:39:19.428+0000] {gcs_to_bigquery.py:379} INFO - Using existing BigQuery table for storing data...
[2024-05-06T08:39:20.014+0000] {bigquery.py:2328} INFO - Project is not included in destination_project_dataset_table: order.olist_items_dataset; using project "project-capstone-422211"
[2024-05-06T08:39:20.029+0000] {gcs_to_bigquery.py:383} INFO - Executing: {'load': {'autodetect': True, 'createDisposition': 'CREATE_IF_NEEDED', 'destinationTable': {'projectId': 'project-capstone-422211', 'datasetId': 'order', 'tableId': 'olist_items_dataset'}, 'sourceFormat': 'CSV', 'sourceUris': ['gs://storage-capstone/olist_order_items_dataset.csv'], 'writeDisposition': 'WRITE_TRUNCATE', 'ignoreUnknownValues': False, 'skipLeadingRows': None, 'fieldDelimiter': ',', 'quote': None, 'allowQuotedNewlines': False, 'encoding': 'UTF-8'}}
[2024-05-06T08:39:20.031+0000] {bigquery.py:1613} INFO - Inserting job ***_etl_gcs_to_bq_items_2024_05_06T08_38_38_871796_00_00_0bdef29e628d2cd696ba4c3d16c1cb40
[2024-05-06T08:39:42.974+0000] {taskinstance.py:441} INFO - ::group::Post task execution logs
[2024-05-06T08:39:42.983+0000] {taskinstance.py:1205} INFO - Marking task as SUCCESS. dag_id=etl, task_id=gcs_to_bq_items, execution_date=20240506T083838, start_date=20240506T083916, end_date=20240506T083942
[2024-05-06T08:39:43.025+0000] {local_task_job_runner.py:240} INFO - Task exited with return code 0
[2024-05-06T08:39:43.209+0000] {taskinstance.py:3482} INFO - 0 downstream tasks scheduled from follow-on schedule check
[2024-05-06T08:39:43.218+0000] {local_task_job_runner.py:222} INFO - ::endgroup::
