[2024-05-06T08:39:16.721+0000] {local_task_job_runner.py:120} INFO - ::group::Pre task execution logs
[2024-05-06T08:39:16.832+0000] {taskinstance.py:2073} INFO - Dependencies all met for dep_context=non-requeueable deps ti=<TaskInstance: etl.gcs_to_bq_sellers manual__2024-05-06T08:38:38.871796+00:00 [queued]>
[2024-05-06T08:39:16.939+0000] {taskinstance.py:2073} INFO - Dependencies all met for dep_context=requeueable deps ti=<TaskInstance: etl.gcs_to_bq_sellers manual__2024-05-06T08:38:38.871796+00:00 [queued]>
[2024-05-06T08:39:16.950+0000] {taskinstance.py:2303} INFO - Starting attempt 1 of 1
[2024-05-06T08:39:17.060+0000] {taskinstance.py:2327} INFO - Executing <Task(GCSToBigQueryOperator): gcs_to_bq_sellers> on 2024-05-06 08:38:38.871796+00:00
[2024-05-06T08:39:17.161+0000] {logging_mixin.py:188} WARNING - /home/***/.local/lib/python3.12/site-packages/***/task/task_runner/standard_task_runner.py:61 DeprecationWarning: This process (pid=25740) is multi-threaded, use of fork() may lead to deadlocks in the child.
[2024-05-06T08:39:17.161+0000] {standard_task_runner.py:90} INFO - Running: ['***', 'tasks', 'run', 'etl', 'gcs_to_bq_sellers', 'manual__2024-05-06T08:38:38.871796+00:00', '--job-id', '312', '--raw', '--subdir', 'DAGS_FOLDER/etl.py', '--cfg-path', '/tmp/tmp_8vkilyo']
[2024-05-06T08:39:17.223+0000] {standard_task_runner.py:91} INFO - Job 312: Subtask gcs_to_bq_sellers
[2024-05-06T08:39:17.223+0000] {standard_task_runner.py:63} INFO - Started process 25827 to run task
[2024-05-06T08:39:17.469+0000] {task_command.py:426} INFO - Running <TaskInstance: etl.gcs_to_bq_sellers manual__2024-05-06T08:38:38.871796+00:00 [running]> on host c8cbe72b3ec5
[2024-05-06T08:39:19.651+0000] {taskinstance.py:2644} INFO - Exporting env vars: AIRFLOW_CTX_DAG_OWNER='***' AIRFLOW_CTX_DAG_ID='etl' AIRFLOW_CTX_TASK_ID='gcs_to_bq_sellers' AIRFLOW_CTX_EXECUTION_DATE='2024-05-06T08:38:38.871796+00:00' AIRFLOW_CTX_TRY_NUMBER='1' AIRFLOW_CTX_DAG_RUN_ID='manual__2024-05-06T08:38:38.871796+00:00'
[2024-05-06T08:39:19.652+0000] {taskinstance.py:430} INFO - ::endgroup::
[2024-05-06T08:39:19.718+0000] {connection.py:274} WARNING - Connection schemes (type: google_cloud_platform) shall not contain '_' according to RFC3986.
[2024-05-06T08:39:19.883+0000] {base.py:84} INFO - Using connection ID 'my_gcp_conn' for task execution.
[2024-05-06T08:39:19.891+0000] {gcs_to_bigquery.py:379} INFO - Using existing BigQuery table for storing data...
[2024-05-06T08:39:20.212+0000] {bigquery.py:2328} INFO - Project is not included in destination_project_dataset_table: order.olist_sellers_dataset; using project "project-capstone-422211"
[2024-05-06T08:39:20.227+0000] {gcs_to_bigquery.py:383} INFO - Executing: {'load': {'autodetect': True, 'createDisposition': 'CREATE_IF_NEEDED', 'destinationTable': {'projectId': 'project-capstone-422211', 'datasetId': 'order', 'tableId': 'olist_sellers_dataset'}, 'sourceFormat': 'CSV', 'sourceUris': ['gs://storage-capstone/olist_sellers_dataset.csv'], 'writeDisposition': 'WRITE_TRUNCATE', 'ignoreUnknownValues': False, 'skipLeadingRows': None, 'fieldDelimiter': ',', 'quote': None, 'allowQuotedNewlines': False, 'encoding': 'UTF-8'}}
[2024-05-06T08:39:20.228+0000] {bigquery.py:1613} INFO - Inserting job ***_etl_gcs_to_bq_sellers_2024_05_06T08_38_38_871796_00_00_371ad9279e92ef9295794eb73c14b039
[2024-05-06T08:39:32.393+0000] {taskinstance.py:441} INFO - ::group::Post task execution logs
[2024-05-06T08:39:32.403+0000] {taskinstance.py:1205} INFO - Marking task as SUCCESS. dag_id=etl, task_id=gcs_to_bq_sellers, execution_date=20240506T083838, start_date=20240506T083916, end_date=20240506T083932
[2024-05-06T08:39:32.444+0000] {local_task_job_runner.py:240} INFO - Task exited with return code 0
[2024-05-06T08:39:32.744+0000] {taskinstance.py:3482} INFO - 0 downstream tasks scheduled from follow-on schedule check
[2024-05-06T08:39:32.759+0000] {local_task_job_runner.py:222} INFO - ::endgroup::
